Skipping submodules build
Buildfile: /Users/boris/work/buildbot/release/modules/android/android-levelup/SoomlaAndroidLevelUp/soomla-android-levelup.xml

init:

clean.module.soomlaandroidlevelup:

clean:

compile.module.soomlaandroidlevelup.production:
    [mkdir] Created dir: /Users/boris/work/buildbot/release/modules/android/android-levelup/SoomlaAndroidLevelUp/out/production/soomlaandroidlevelup
    [javac] /Users/boris/work/buildbot/release/modules/android/android-levelup/SoomlaAndroidLevelUp/module_soomlaandroidlevelup.xml:85: warning: 'includeantruntime' was not set, defaulting to build.sysclasspath=last; set to false for repeatable builds
    [javac] Compiling 20 source files to /Users/boris/work/buildbot/release/modules/android/android-levelup/SoomlaAndroidLevelUp/out/production/soomlaandroidlevelup
    [javac] warning: [options] bootstrap class path not set in conjunction with -source 1.6
    [javac] 1 warning

compile.module.soomlaandroidlevelup:

build.modules:

init.artifacts:
    [mkdir] Created dir: /Users/boris/work/buildbot/release/modules/android/android-levelup/SoomlaAndroidLevelUp/__artifacts_temp

artifact.soomlaandroidlevelup:jar:
    [mkdir] Created dir: /Users/boris/work/buildbot/release/modules/android/android-levelup/SoomlaAndroidLevelUp/__artifacts_temp/soomlaandroidlevelup_jar
      [jar] Building jar: /Users/boris/work/buildbot/release/modules/android/android-levelup/SoomlaAndroidLevelUp/__artifacts_temp/AndroidLevelUp.jar
     [copy] Copying 1 file to /Users/boris/work/buildbot/release/modules/android/android-levelup/build

build.all.artifacts:
    [mkdir] Created dir: /Users/boris/work/buildbot/release/modules/android/android-levelup/SoomlaAndroidLevelUp/out/artifacts/soomlaandroidlevelup_jar
   [delete] Deleting directory /Users/boris/work/buildbot/release/modules/android/android-levelup/SoomlaAndroidLevelUp/__artifacts_temp

all:

BUILD SUCCESSFUL
Total time: 1 second
